/Users/chenyang/Desktop/CLion.app/Contents/bin/cmake/mac/bin/cmake -DCMAKE_BUILD_TYPE=Debug -DCMAKE_MAKE_PROGRAM=/Users/chenyang/Desktop/CLion.app/Contents/bin/ninja/mac/ninja -G Ninja /Users/chenyang/resources/project/leveldb
-- The C compiler identification is unknown
-- The CXX compiler identification is unknown
-- Detecting C compiler ABI info
-- Detecting C compiler ABI info - failed
-- Check for working C compiler: /usr/bin/cc
-- Check for working C compiler: /usr/bin/cc - broken
CMake Error at /Users/chenyang/Desktop/CLion.app/Contents/bin/cmake/mac/share/cmake-3.21/Modules/CMakeTestCCompiler.cmake:69 (message):
  The C compiler

    "/usr/bin/cc"

  is not able to compile a simple test program.

  It fails with the following output:

    Change Dir: /Users/chenyang/resources/project/leveldb/cmake-build-debug/CMakeFiles/CMakeTmp
    
    Run Build Command(s):/Users/chenyang/Desktop/CLion.app/Contents/bin/ninja/mac/ninja cmTC_29d6c && [1/2] Building C object CMakeFiles/cmTC_29d6c.dir/testCCompiler.c.o
    FAILED: CMakeFiles/cmTC_29d6c.dir/testCCompiler.c.o 
    /usr/bin/cc    -o CMakeFiles/cmTC_29d6c.dir/testCCompiler.c.o -c /Users/chenyang/resources/project/leveldb/cmake-build-debug/CMakeFiles/CMakeTmp/testCCompiler.c
    2021-12-29 16:59:23.870 xcodebuild[626:64904735] [MT] DVTPlugInLoading: Failed to load code for plug-in com.apple.dt.IDE.DVTKitDFRSupport (/Applications/Xcode.app/Contents/PlugIns/DVTKitDFRSupport.ideplugin), error = Error Domain=NSCocoaErrorDomain Code=3588 "dlopen(/Applications/Xcode.app/Contents/PlugIns/DVTKitDFRSupport.ideplugin/Contents/MacOS/DVTKitDFRSupport, 265): Symbol not found: _OBJC_IVAR_$_NSTextViewIvars.sharedData
      Referenced from: /Applications/Xcode.app/Contents/Developer/usr/bin/../../../SharedFrameworks/DVTKit.framework/Versions/A/DVTKit
      Expected in: /System/Library/Frameworks/AppKit.framework/Versions/C/AppKit
     in /Applications/Xcode.app/Contents/Developer/usr/bin/../../../SharedFrameworks/DVTKit.framework/Versions/A/DVTKit" UserInfo={NSLocalizedFailureReason=The bundle couldn’t be loaded., NSLocalizedRecoverySuggestion=Try reinstalling the bundle., NSFilePath=/Applications/Xcode.app/Contents/PlugIns/DVTKitDFRSupport.ideplugin/Contents/MacOS/DVTKitDFRSupport, NSDebugDescription=dlopen(/Applications/Xcode.app/Contents/PlugIns/DVTKitDFRSupport.ideplugin/Contents/MacOS/DVTKitDFRSupport, 265): Symbol not found: _OBJC_IVAR_$_NSTextViewIvars.sharedData
      Referenced from: /Applications/Xcode.app/Contents/Developer/usr/bin/../../../SharedFrameworks/DVTKit.framework/Versions/A/DVTKit
      Expected in: /System/Library/Frameworks/AppKit.framework/Versions/C/AppKit
     in /Applications/Xcode.app/Contents/Developer/usr/bin/../../../SharedFrameworks/DVTKit.framework/Versions/A/DVTKit, NSBundlePath=/Applications/Xcode.app/Contents/PlugIns/DVTKitDFRSupport.ideplugin, NSLocalizedDescription=The bundle “DVTKitDFRSupport” couldn’t be loaded.}, dyldError = dlopen(/Applications/Xcode.app/Contents/PlugIns/DVTKitDFRSupport.ideplugin/Contents/MacOS/DVTKitDFRSupport, 0): Symbol not found: _OBJC_IVAR_$_NSTextViewIvars.sharedData
      Referenced from: /Applications/Xcode.app/Contents/Developer/usr/bin/../../../SharedFrameworks/DVTKit.framework/Versions/A/DVTKit
      Expected in: /System/Library/Frameworks/AppKit.framework/Versions/C/AppKit
     in /Applications/Xcode.app/Contents/Developer/usr/bin/../../../SharedFrameworks/DVTKit.framework/Versions/A/DVTKit
    2021-12-29 16:59:23.870 xcodebuild[626:64904735] [MT] DVTPlugInExtensionFaulting: Failed to fire fault for extension Xcode.DVTKitDFRSupport.Initializer: Error Domain=DVTPlugInErrorDomain Code=2 "Loading a plug-in failed." UserInfo={DVTPlugInIdentifierErrorKey=com.apple.dt.IDE.DVTKitDFRSupport, DVTPlugInExecutablePathErrorKey=/Applications/Xcode.app/Contents/PlugIns/DVTKitDFRSupport.ideplugin/Contents/MacOS/DVTKitDFRSupport, NSLocalizedRecoverySuggestion=The plug-in or one of its prerequisite plug-ins may be missing or damaged and may need to be reinstalled., DVTPlugInDYLDErrorMessageErrorKey=dlopen(/Applications/Xcode.app/Contents/PlugIns/DVTKitDFRSupport.ideplugin/Contents/MacOS/DVTKitDFRSupport, 0): Symbol not found: _OBJC_IVAR_$_NSTextViewIvars.sharedData
      Referenced from: /Applications/Xcode.app/Contents/Developer/usr/bin/../../../SharedFrameworks/DVTKit.framework/Versions/A/DVTKit
      Expected in: /System/Library/Frameworks/AppKit.framework/Versions/C/AppKit
     in /Applications/Xcode.app/Contents/Developer/usr/bin/../../../SharedFrameworks/DVTKit.framework/Versions/A/DVTKit, NSLocalizedDescription=Loading a plug-in failed., NSFilePath=/Applications/Xcode.app/Contents/PlugIns/DVTKitDFRSupport.ideplugin, NSLocalizedFailureReason=The plug-in “com.apple.dt.IDE.DVTKitDFRSupport” at path “/Applications/Xcode.app/Contents/PlugIns/DVTKitDFRSupport.ideplugin” could not be loaded.  The plug-in or one of its prerequisite plug-ins may be missing or damaged., NSUnderlyingError=0x7fa2a73953b0 {Error Domain=NSCocoaErrorDomain Code=3588 "dlopen(/Applications/Xcode.app/Contents/PlugIns/DVTKitDFRSupport.ideplugin/Contents/MacOS/DVTKitDFRSupport, 265): Symbol not found: _OBJC_IVAR_$_NSTextViewIvars.sharedData
      Referenced from: /Applications/Xcode.app/Contents/Developer/usr/bin/../../../SharedFrameworks/DVTKit.framework/Versions/A/DVTKit
      Expected in: /System/Library/Frameworks/AppKit.framework/Versions/C/AppKit
     in /Applications/Xcode.app/Contents/Developer/usr/bin/../../../SharedFrameworks/DVTKit.framework/Versions/A/DVTKit" UserInfo={NSLocalizedFailureReason=The bundle couldn’t be loaded., NSLocalizedRecoverySuggestion=Try reinstalling the bundle., NSFilePath=/Applications/Xcode.app/Contents/PlugIns/DVTKitDFRSupport.ideplugin/Contents/MacOS/DVTKitDFRSupport, NSDebugDescription=dlopen(/Applications/Xcode.app/Contents/PlugIns/DVTKitDFRSupport.ideplugin/Contents/MacOS/DVTKitDFRSupport, 265): Symbol not found: _OBJC_IVAR_$_NSTextViewIvars.sharedData
      Referenced from: /Applications/Xcode.app/Contents/Developer/usr/bin/../../../SharedFrameworks/DVTKit.framework/Versions/A/DVTKit
      Expected in: /System/Library/Frameworks/AppKit.framework/Versions/C/AppKit
     in /Applications/Xcode.app/Contents/Developer/usr/bin/../../../SharedFrameworks/DVTKit.framework/Versions/A/DVTKit, NSBundlePath=/Applications/Xcode.app/Contents/PlugIns/DVTKitDFRSupport.ideplugin, NSLocalizedDescription=The bundle “DVTKitDFRSupport” couldn’t be loaded.}}}
    ** INTERNAL ERROR: Uncaught exception **
    Uncaught Exception: Error getting value for key 'initializationClass' of extension 'Xcode.DVTKitDFRSupport.Initializer' in plug-in 'com.apple.dt.IDE.DVTKitDFRSupport'
    Stack:
      0   __exceptionPreprocess (in CoreFoundation)
      1   objc_exception_throw (in libobjc.A.dylib)
      2   -[DVTExtension valueForKey:error:] (in DVTFoundation)
      3   _IDEInitializeOnePlugInAndPrerequisites (in IDEFoundation)
      4   _IDEInitializePlugIns (in IDEFoundation)
      5   IDEInitialize (in IDEFoundation)
      6   -[Xcode3CommandLineBuildTool run] (in Xcode3Core)
      7  0x000000010a143202 (in xcodebuild)
      8   start (in libdyld.dylib)
    
    sh: line 1:   629 Abort trap: 6           /Applications/Xcode.app/Contents/Developer/usr/bin/xcodebuild -sdk macosx -find clang 2> /dev/null
    cc: error: unable to find utility "clang", not a developer tool or in PATH
    ninja: build stopped: subcommand failed.
    
    

  

  CMake will not be able to correctly generate this project.
Call Stack (most recent call first):
  CMakeLists.txt:7 (project)


-- Configuring incomplete, errors occurred!
See also "/Users/chenyang/resources/project/leveldb/cmake-build-debug/CMakeFiles/CMakeOutput.log".
See also "/Users/chenyang/resources/project/leveldb/cmake-build-debug/CMakeFiles/CMakeError.log".
